make: Entering directory `/home/psmitty/copper/node_modules/uws/build'
  CXX(target) Release/obj.target/uws/src/Extensions.o
In file included from ../src/Extensions.cpp:1:0:
../src/Extensions.h: In constructor ‘PerMessageDeflate::PerMessageDeflate(ExtensionsParser&, int, std::string&)’:
../src/Extensions.h:36:127: warning: missing initializer for member ‘z_stream_s::next_in’ [-Wmissing-field-initializers]
     PerMessageDeflate(ExtensionsParser &extensionsParser, int options, std::string &response) : readStream({}), writeStream({})
                                                                                                                               ^
../src/Extensions.h:36:127: warning: missing initializer for member ‘z_stream_s::avail_in’ [-Wmissing-field-initializers]
../src/Extensions.h:36:127: warning: missing initializer for member ‘z_stream_s::total_in’ [-Wmissing-field-initializers]
../src/Extensions.h:36:127: warning: missing initializer for member ‘z_stream_s::next_out’ [-Wmissing-field-initializers]
../src/Extensions.h:36:127: warning: missing initializer for member ‘z_stream_s::avail_out’ [-Wmissing-field-initializers]
../src/Extensions.h:36:127: warning: missing initializer for member ‘z_stream_s::total_out’ [-Wmissing-field-initializers]
../src/Extensions.h:36:127: warning: missing initializer for member ‘z_stream_s::msg’ [-Wmissing-field-initializers]
../src/Extensions.h:36:127: warning: missing initializer for member ‘z_stream_s::state’ [-Wmissing-field-initializers]
../src/Extensions.h:36:127: warning: missing initializer for member ‘z_stream_s::zalloc’ [-Wmissing-field-initializers]
../src/Extensions.h:36:127: warning: missing initializer for member ‘z_stream_s::zfree’ [-Wmissing-field-initializers]
../src/Extensions.h:36:127: warning: missing initializer for member ‘z_stream_s::opaque’ [-Wmissing-field-initializers]
../src/Extensions.h:36:127: warning: missing initializer for member ‘z_stream_s::data_type’ [-Wmissing-field-initializers]
../src/Extensions.h:36:127: warning: missing initializer for member ‘z_stream_s::adler’ [-Wmissing-field-initializers]
../src/Extensions.h:36:127: warning: missing initializer for member ‘z_stream_s::reserved’ [-Wmissing-field-initializers]
../src/Extensions.h:36:127: warning: missing initializer for member ‘z_stream_s::next_in’ [-Wmissing-field-initializers]
../src/Extensions.h:36:127: warning: missing initializer for member ‘z_stream_s::avail_in’ [-Wmissing-field-initializers]
../src/Extensions.h:36:127: warning: missing initializer for member ‘z_stream_s::total_in’ [-Wmissing-field-initializers]
../src/Extensions.h:36:127: warning: missing initializer for member ‘z_stream_s::next_out’ [-Wmissing-field-initializers]
../src/Extensions.h:36:127: warning: missing initializer for member ‘z_stream_s::avail_out’ [-Wmissing-field-initializers]
../src/Extensions.h:36:127: warning: missing initializer for member ‘z_stream_s::total_out’ [-Wmissing-field-initializers]
../src/Extensions.h:36:127: warning: missing initializer for member ‘z_stream_s::msg’ [-Wmissing-field-initializers]
../src/Extensions.h:36:127: warning: missing initializer for member ‘z_stream_s::state’ [-Wmissing-field-initializers]
../src/Extensions.h:36:127: warning: missing initializer for member ‘z_stream_s::zalloc’ [-Wmissing-field-initializers]
../src/Extensions.h:36:127: warning: missing initializer for member ‘z_stream_s::zfree’ [-Wmissing-field-initializers]
../src/Extensions.h:36:127: warning: missing initializer for member ‘z_stream_s::opaque’ [-Wmissing-field-initializers]
../src/Extensions.h:36:127: warning: missing initializer for member ‘z_stream_s::data_type’ [-Wmissing-field-initializers]
../src/Extensions.h:36:127: warning: missing initializer for member ‘z_stream_s::adler’ [-Wmissing-field-initializers]
../src/Extensions.h:36:127: warning: missing initializer for member ‘z_stream_s::reserved’ [-Wmissing-field-initializers]
  CXX(target) Release/obj.target/uws/src/HTTPSocket.o
../src/HTTPSocket.cpp: In constructor ‘uWS::HTTPSocket::HTTPSocket(uv_poll_t*, uWS::Server*, void*)’:
../src/HTTPSocket.cpp:57:42: error: invalid conversion from ‘void (*)(uv_timer_t*) {aka void (*)(uv_timer_s*)}’ to ‘uv_timer_cb {aka void (*)(uv_timer_s*, int)}’ [-fpermissive]
     uv_timer_start(t, onTimeout, 15000, 0);
                                          ^
In file included from ../src/HTTPSocket.h:6:0,
                 from ../src/HTTPSocket.cpp:1:
/usr/include/nodejs/deps/uv/include/uv.h:1217:15: error:   initializing argument 2 of ‘int uv_timer_start(uv_timer_t*, uv_timer_cb, uint64_t, uint64_t)’ [-fpermissive]
 UV_EXTERN int uv_timer_start(uv_timer_t* handle,
               ^
../src/HTTPSocket.cpp: In member function ‘uv_os_sock_t uWS::HTTPSocket::stop()’:
../src/HTTPSocket.cpp:64:35: error: ‘uv_os_fd_t’ was not declared in this scope
     uv_fileno((uv_handle_t *) p, (uv_os_fd_t *) &fd);
                                   ^
../src/HTTPSocket.cpp:64:47: error: expected primary-expression before ‘)’ token
     uv_fileno((uv_handle_t *) p, (uv_os_fd_t *) &fd);
                                               ^
../src/HTTPSocket.cpp:64:52: error: ‘uv_fileno’ was not declared in this scope
     uv_fileno((uv_handle_t *) p, (uv_os_fd_t *) &fd);
                                                    ^
../src/HTTPSocket.cpp: In static member function ‘static void uWS::HTTPSocket::onReadable(uv_poll_t*, int, int)’:
../src/HTTPSocket.cpp:105:35: error: ‘uv_os_fd_t’ was not declared in this scope
     uv_fileno((uv_handle_t *) p, (uv_os_fd_t *) &fd);
                                   ^
../src/HTTPSocket.cpp:105:47: error: expected primary-expression before ‘)’ token
     uv_fileno((uv_handle_t *) p, (uv_os_fd_t *) &fd);
                                               ^
../src/HTTPSocket.cpp:105:52: error: ‘uv_fileno’ was not declared in this scope
     uv_fileno((uv_handle_t *) p, (uv_os_fd_t *) &fd);
                                                    ^
make: *** [Release/obj.target/uws/src/HTTPSocket.o] Error 1
make: Leaving directory `/home/psmitty/copper/node_modules/uws/build'
gyp ERR! build error 
gyp ERR! stack Error: `make` failed with exit code: 2
gyp ERR! stack     at ChildProcess.onExit (/usr/share/node-gyp/lib/build.js:267:23)
gyp ERR! stack     at ChildProcess.EventEmitter.emit (events.js:98:17)
gyp ERR! stack     at Process.ChildProcess._handle.onexit (child_process.js:797:12)
gyp ERR! System Linux 4.4.0-31-generic
gyp ERR! command "nodejs" "/usr/bin/node-gyp" "rebuild"
gyp ERR! cwd /home/psmitty/copper/node_modules/uws
gyp ERR! node -v v0.10.25
gyp ERR! node-gyp -v v0.10.10
gyp ERR! not ok 
